<?xml version="1.0" encoding="UTF-8"?>
<!-- Generated by org.testng.reporters.JUnitReportReporter -->
<testsuite hostname="RAJESH-PC" name="com.vtiger.test.LoginTest" tests="2" failures="0" timestamp="25 May 2018 13:42:33 GMT" time="4.815" errors="0">
  <testcase name="validLogin" time="3.791" classname="com.vtiger.test.LoginTest"/>
  <testcase name="InvalidLogin" time="1.024" classname="com.vtiger.test.LoginTest"/>
</testsuite> <!-- com.vtiger.test.LoginTest -->
